<?xml version="1.0" encoding="UTF-8"?>
<!-- Generated by org.testng.reporters.JUnitReportReporter -->
<testsuite skipped="0" hostname="DESKTOP-78UUU8N" name="com.erp.qa.testcases.LoginPageTest" tests="3" failures="0" timestamp="30 Jul 2018 07:09:56 GMT" time="43.951" errors="0">
  <testcase name="loginPageTitleTest" time="13.827" classname="com.erp.qa.testcases.LoginPageTest"/>
  <testcase name="loginTest" time="12.625" classname="com.erp.qa.testcases.LoginPageTest"/>
  <testcase name="InvalidloginTest" time="17.499" classname="com.erp.qa.testcases.LoginPageTest"/>
</testsuite> <!-- com.erp.qa.testcases.LoginPageTest -->
